0 info it worked if it ends with ok
1 verbose cli [ 'C:\\Program Files\\nodejs\\node.exe',
1 verbose cli   'C:\\Program Files\\nodejs\\node_modules\\npm\\bin\\npm-cli.js',
1 verbose cli   'publish' ]
2 info using npm@3.10.10
3 info using node@v6.10.0
4 verbose publish [ '.' ]
5 silly cache add args [ '.', null ]
6 verbose cache add spec .
7 silly cache add parsed spec Result {
7 silly cache add   raw: '.',
7 silly cache add   scope: null,
7 silly cache add   escapedName: null,
7 silly cache add   name: null,
7 silly cache add   rawSpec: '.',
7 silly cache add   spec: 'D:\\WorkSpace\\gitlab2\\react-library\\xn-rn-echarts',
7 silly cache add   type: 'directory' }
8 verbose addLocalDirectory C:\Users\DEV005\AppData\Roaming\npm-cache\xn-rn-echarts\1.0.0\package.tgz not in flight; packing
9 verbose correctMkdir C:\Users\DEV005\AppData\Roaming\npm-cache correctMkdir not in flight; initializing
10 info lifecycle xn-rn-echarts@1.0.0~prepublish: xn-rn-echarts@1.0.0
11 silly lifecycle xn-rn-echarts@1.0.0~prepublish: no script for prepublish, continuing
12 verbose tar pack [ 'C:\\Users\\DEV005\\AppData\\Roaming\\npm-cache\\xn-rn-echarts\\1.0.0\\package.tgz',
12 verbose tar pack   'D:\\WorkSpace\\gitlab2\\react-library\\xn-rn-echarts' ]
13 verbose tarball C:\Users\DEV005\AppData\Roaming\npm-cache\xn-rn-echarts\1.0.0\package.tgz
14 verbose folder D:\WorkSpace\gitlab2\react-library\xn-rn-echarts
15 verbose addLocalTarball adding from inside cache C:\Users\DEV005\AppData\Roaming\npm-cache\xn-rn-echarts\1.0.0\package.tgz
16 verbose correctMkdir C:\Users\DEV005\AppData\Roaming\npm-cache correctMkdir not in flight; initializing
17 silly cache afterAdd xn-rn-echarts@1.0.0
18 verbose afterAdd C:\Users\DEV005\AppData\Roaming\npm-cache\xn-rn-echarts\1.0.0\package\package.json not in flight; writing
19 verbose correctMkdir C:\Users\DEV005\AppData\Roaming\npm-cache correctMkdir not in flight; initializing
20 verbose afterAdd C:\Users\DEV005\AppData\Roaming\npm-cache\xn-rn-echarts\1.0.0\package\package.json written
21 silly publish { name: 'xn-rn-echarts',
21 silly publish   version: '1.0.0',
21 silly publish   description: '犀牛RN echarts',
21 silly publish   main: 'src/index.js',
21 silly publish   scripts: { test: 'echo "Error: no test specified" && exit 1' },
21 silly publish   author: '',
21 silly publish   license: 'ISC',
21 silly publish   readme: '# native-echarts\n\n## install\n\n$ npm install native-echarts --save\n\n## Usage\n\n###用法\n\n用法完全和echarts一致，将echarts的option传给组件。option详细属性详见[文档](http://echarts.baidu.com/option.html#title)\n\nnative-echarts共暴露了三个属性:\n\n* *option* (object): echarts图表的配置项，无默认值。 \n* *width* (number): 图表的宽度，默认值为其外层容器的宽度。 \n* *height* (number): 图表的高度，默认值为400。 \n\n\n```js\nimport React, { Component } from \'react\';\nimport {\n  AppRegistry,\n  StyleSheet,\n  Text,\n  View\n} from \'react-native\';\nimport Echarts from \'native-echarts\';\n\nexport default class app extends Component {\n  render() {\n    const option = {\n      title: {\n          text: \'ECharts 入门示例\'\n      },\n      tooltip: {},\n      legend: {\n          data:[\'销量\']\n      },\n      xAxis: {\n          data: ["衬衫","羊毛衫","雪纺衫","裤子","高跟鞋","袜子"]\n      },\n      yAxis: {},\n      series: [{\n          name: \'销量\',\n          type: \'bar\',\n          data: [5, 20, 36, 10, 10, 20]\n      }]\n    };\n    return (\n      <Echarts option={option} height={300} />\n    );\n  }\n}\n\nAppRegistry.registerComponent(\'app\', () => app);\n\n```\n\n\n\n',
21 silly publish   readmeFilename: 'README.md',
21 silly publish   _id: 'xn-rn-echarts@1.0.0',
21 silly publish   _shasum: 'edf8eacfa0707120de71d718e84be7aef5eb1d96',
21 silly publish   _from: '.' }
22 verbose getPublishConfig undefined
23 silly mapToRegistry name xn-rn-echarts
24 silly mapToRegistry using default registry
25 silly mapToRegistry registry http://registry.npmjs.org/
26 silly mapToRegistry data Result {
26 silly mapToRegistry   raw: 'xn-rn-echarts',
26 silly mapToRegistry   scope: null,
26 silly mapToRegistry   escapedName: 'xn-rn-echarts',
26 silly mapToRegistry   name: 'xn-rn-echarts',
26 silly mapToRegistry   rawSpec: '',
26 silly mapToRegistry   spec: 'latest',
26 silly mapToRegistry   type: 'tag' }
27 silly mapToRegistry uri http://registry.npmjs.org/xn-rn-echarts
28 verbose publish registryBase http://registry.npmjs.org/
29 silly publish uploading C:\Users\DEV005\AppData\Roaming\npm-cache\xn-rn-echarts\1.0.0\package.tgz
30 verbose request uri http://registry.npmjs.org/xn-rn-echarts
31 verbose request sending authorization for write operation
32 info attempt registry request try #1 at 14:57:25
33 verbose request using bearer token for auth
34 verbose request id 117eb32ac12bc438
35 http request PUT http://registry.npmjs.org/xn-rn-echarts
36 http 403 http://registry.npmjs.org/xn-rn-echarts
37 verbose headers { 'content-type': 'application/json',
37 verbose headers   'cache-control': 'max-age=300',
37 verbose headers   'content-length': '104',
37 verbose headers   'accept-ranges': 'bytes',
37 verbose headers   date: 'Mon, 27 Nov 2017 06:57:30 GMT',
37 verbose headers   via: '1.1 varnish',
37 verbose headers   connection: 'keep-alive',
37 verbose headers   'x-served-by': 'cache-nrt6142-NRT',
37 verbose headers   'x-cache': 'MISS',
37 verbose headers   'x-cache-hits': '0',
37 verbose headers   'x-timer': 'S1511765846.774658,VS0,VE4293',
37 verbose headers   vary: 'Accept-Encoding, Accept' }
38 verbose request invalidating C:\Users\DEV005\AppData\Roaming\npm-cache\registry.npmjs.org\xn-rn-echarts on PUT
39 error publish Failed PUT 403
40 verbose stack Error: you must verify your email before publishing a new package: https://www.npmjs.com/email-edit : xn-rn-echarts
40 verbose stack     at makeError (C:\Program Files\nodejs\node_modules\npm\node_modules\npm-registry-client\lib\request.js:302:12)
40 verbose stack     at CachingRegistryClient.<anonymous> (C:\Program Files\nodejs\node_modules\npm\node_modules\npm-registry-client\lib\request.js:290:14)
40 verbose stack     at Request._callback (C:\Program Files\nodejs\node_modules\npm\node_modules\npm-registry-client\lib\request.js:210:14)
40 verbose stack     at Request.self.callback (C:\Program Files\nodejs\node_modules\npm\node_modules\request\request.js:187:22)
40 verbose stack     at emitTwo (events.js:106:13)
40 verbose stack     at Request.emit (events.js:191:7)
40 verbose stack     at Request.<anonymous> (C:\Program Files\nodejs\node_modules\npm\node_modules\request\request.js:1048:10)
40 verbose stack     at emitOne (events.js:96:13)
40 verbose stack     at Request.emit (events.js:188:7)
40 verbose stack     at IncomingMessage.<anonymous> (C:\Program Files\nodejs\node_modules\npm\node_modules\request\request.js:969:12)
41 verbose statusCode 403
42 verbose pkgid xn-rn-echarts
43 verbose cwd D:\WorkSpace\gitlab2\react-library\xn-rn-echarts
44 error Windows_NT 6.1.7601
45 error argv "C:\\Program Files\\nodejs\\node.exe" "C:\\Program Files\\nodejs\\node_modules\\npm\\bin\\npm-cli.js" "publish"
46 error node v6.10.0
47 error npm  v3.10.10
48 error code E403
49 error you must verify your email before publishing a new package: https://www.npmjs.com/email-edit : xn-rn-echarts
50 error If you need help, you may report this error at:
50 error     <https://github.com/npm/npm/issues>
51 verbose exit [ 1, true ]
